<?xml version="1.0" encoding="UTF-8"?>
<testng-results ignored="0" total="7" passed="6" failed="1" skipped="0">
  <reporter-output>
  </reporter-output>
  <suite started-at="2024-03-31T23:38:18 EDT" name="Default suite" finished-at="2024-03-31T23:39:41 EDT" duration-ms="82583">
    <groups>
    </groups>
    <test started-at="2024-03-31T23:38:18 EDT" name="Default test" finished-at="2024-03-31T23:39:41 EDT" duration-ms="82583">
      <class name="com.ws.testcase.TestLoginPage">
        <test-method is-config="true" signature="setUpReport()[pri:0, instance:com.ws.testcase.TestLoginPage@15bb5034]" started-at="2024-03-31T23:38:18 EDT" name="setUpReport" finished-at="2024-03-31T23:38:18 EDT" duration-ms="460" status="PASS">
          <reporter-output>
          </reporter-output>
        </test-method> <!-- setUpReport -->
        <test-method is-config="true" signature="setUp()[pri:0, instance:com.ws.testcase.TestLoginPage@15bb5034]" started-at="2024-03-31T23:38:19 EDT" name="setUp" finished-at="2024-03-31T23:38:24 EDT" duration-ms="5750" status="PASS">
          <reporter-output>
          </reporter-output>
        </test-method> <!-- setUp -->
        <test-method signature="initApplication()[pri:0, instance:com.ws.testcase.TestLoginPage@15bb5034]" started-at="2024-03-31T23:38:24 EDT" name="initApplication" finished-at="2024-03-31T23:38:29 EDT" duration-ms="4288" status="PASS">
          <reporter-output>
          </reporter-output>
        </test-method> <!-- initApplication -->
        <test-method is-config="true" signature="tearDown(org.testng.ITestResult)[pri:0, instance:com.ws.testcase.TestLoginPage@15bb5034]" started-at="2024-03-31T23:38:29 EDT" name="tearDown" finished-at="2024-03-31T23:38:33 EDT" duration-ms="4285" status="PASS">
          <params>
            <param index="0">
              <value>
                <![CDATA[[TestResult name=initApplication status=SUCCESS method=DriverScript.initApplication()[pri:0, instance:com.ws.testcase.TestLoginPage@15bb5034] output={null}]]]>
              </value>
            </param>
          </params>
          <reporter-output>
          </reporter-output>
        </test-method> <!-- tearDown -->
        <test-method is-config="true" signature="setUp()[pri:0, instance:com.ws.testcase.TestLoginPage@15bb5034]" started-at="2024-03-31T23:38:33 EDT" name="setUp" finished-at="2024-03-31T23:38:37 EDT" duration-ms="4487" status="PASS">
          <reporter-output>
          </reporter-output>
        </test-method> <!-- setUp -->
        <test-method signature="testLoginPageTitle()[pri:1, instance:com.ws.testcase.TestLoginPage@15bb5034]" started-at="2024-03-31T23:38:37 EDT" name="testLoginPageTitle" finished-at="2024-03-31T23:38:38 EDT" duration-ms="594" status="PASS">
          <reporter-output>
          </reporter-output>
        </test-method> <!-- testLoginPageTitle -->
        <test-method is-config="true" signature="tearDown(org.testng.ITestResult)[pri:0, instance:com.ws.testcase.TestLoginPage@15bb5034]" started-at="2024-03-31T23:38:38 EDT" name="tearDown" finished-at="2024-03-31T23:38:42 EDT" duration-ms="4491" status="PASS">
          <params>
            <param index="0">
              <value>
                <![CDATA[[TestResult name=testLoginPageTitle status=SUCCESS method=TestLoginPage.testLoginPageTitle()[pri:1, instance:com.ws.testcase.TestLoginPage@15bb5034] output={null}]]]>
              </value>
            </param>
          </params>
          <reporter-output>
          </reporter-output>
        </test-method> <!-- tearDown -->
        <test-method is-config="true" signature="setUp()[pri:0, instance:com.ws.testcase.TestLoginPage@15bb5034]" started-at="2024-03-31T23:38:42 EDT" name="setUp" finished-at="2024-03-31T23:38:47 EDT" duration-ms="4331" status="PASS">
          <reporter-output>
          </reporter-output>
        </test-method> <!-- setUp -->
        <test-method signature="testLoginFunction()[pri:2, instance:com.ws.testcase.TestLoginPage@15bb5034]" started-at="2024-03-31T23:38:47 EDT" name="testLoginFunction" finished-at="2024-03-31T23:38:58 EDT" duration-ms="10992" status="FAIL">
          <exception class="org.openqa.selenium.NoSuchElementException">
            <message>
              <![CDATA[no such element: Unable to locate element: {"method":"css selector","selector":"#Password11"}
  (Session info: chrome=120.0.6099.71)
For documentation on this error, please visit: https://www.selenium.dev/documentation/webdriver/troubleshooting/errors#no-such-element-exception
Build info: version: '4.16.1', revision: '9b4c83354e'
System info: os.name: 'Windows 11', os.arch: 'amd64', os.version: '10.0', java.version: '17.0.9'
Driver info: org.openqa.selenium.chrome.ChromeDriver
Command: [553768a8748a2c74c2a9571de488128e, findElement {using=id, value=Password11}]
Capabilities {acceptInsecureCerts: false, browserName: chrome, browserVersion: 120.0.6099.71, chrome: {chromedriverVersion: 120.0.6099.109 (3419140ab66..., userDataDir: C:\Users\DIVYAP~1\AppData\L...}, fedcm:accounts: true, goog:chromeOptions: {debuggerAddress: localhost:61893}, networkConnectionEnabled: false, pageLoadStrategy: normal, platformName: windows, proxy: Proxy(), se:cdp: ws://localhost:61893/devtoo..., se:cdpVersion: 120.0.6099.71, setWindowRect: true, strictFileInteractability: false, timeouts: {implicit: 0, pageLoad: 300000, script: 30000}, unhandledPromptBehavior: dismiss and notify, webauthn:extension:credBlob: true, webauthn:extension:largeBlob: true, webauthn:extension:minPinLength: true, webauthn:extension:prf: true, webauthn:virtualAuthenticators: true}
Session ID: 553768a8748a2c74c2a9571de488128e]]>
            </message>
            <full-stacktrace>
              <![CDATA[org.openqa.selenium.NoSuchElementException: no such element: Unable to locate element: {"method":"css selector","selector":"#Password11"}
  (Session info: chrome=120.0.6099.71)
For documentation on this error, please visit: https://www.selenium.dev/documentation/webdriver/troubleshooting/errors#no-such-element-exception
Build info: version: '4.16.1', revision: '9b4c83354e'
System info: os.name: 'Windows 11', os.arch: 'amd64', os.version: '10.0', java.version: '17.0.9'
Driver info: org.openqa.selenium.chrome.ChromeDriver
Command: [553768a8748a2c74c2a9571de488128e, findElement {using=id, value=Password11}]
Capabilities {acceptInsecureCerts: false, browserName: chrome, browserVersion: 120.0.6099.71, chrome: {chromedriverVersion: 120.0.6099.109 (3419140ab66..., userDataDir: C:\Users\DIVYAP~1\AppData\L...}, fedcm:accounts: true, goog:chromeOptions: {debuggerAddress: localhost:61893}, networkConnectionEnabled: false, pageLoadStrategy: normal, platformName: windows, proxy: Proxy(), se:cdp: ws://localhost:61893/devtoo..., se:cdpVersion: 120.0.6099.71, setWindowRect: true, strictFileInteractability: false, timeouts: {implicit: 0, pageLoad: 300000, script: 30000}, unhandledPromptBehavior: dismiss and notify, webauthn:extension:credBlob: true, webauthn:extension:largeBlob: true, webauthn:extension:minPinLength: true, webauthn:extension:prf: true, webauthn:virtualAuthenticators: true}
Session ID: 553768a8748a2c74c2a9571de488128e
at java.base/jdk.internal.reflect.NativeConstructorAccessorImpl.newInstance0(Native Method)
at java.base/jdk.internal.reflect.NativeConstructorAccessorImpl.newInstance(NativeConstructorAccessorImpl.java:77)
at java.base/jdk.internal.reflect.DelegatingConstructorAccessorImpl.newInstance(DelegatingConstructorAccessorImpl.java:45)
at java.base/java.lang.reflect.Constructor.newInstanceWithCaller(Constructor.java:499)
at java.base/java.lang.reflect.Constructor.newInstance(Constructor.java:480)
at org.openqa.selenium.remote.codec.w3c.W3CHttpResponseCodec.createException(W3CHttpResponseCodec.java:200)
at org.openqa.selenium.remote.codec.w3c.W3CHttpResponseCodec.decode(W3CHttpResponseCodec.java:133)
at org.openqa.selenium.remote.codec.w3c.W3CHttpResponseCodec.decode(W3CHttpResponseCodec.java:52)
at org.openqa.selenium.remote.HttpCommandExecutor.execute(HttpCommandExecutor.java:191)
at org.openqa.selenium.remote.service.DriverCommandExecutor.invokeExecute(DriverCommandExecutor.java:200)
at org.openqa.selenium.remote.service.DriverCommandExecutor.execute(DriverCommandExecutor.java:175)
at org.openqa.selenium.remote.RemoteWebDriver.execute(RemoteWebDriver.java:523)
at org.openqa.selenium.remote.ElementLocation$ElementFinder$2.findElement(ElementLocation.java:165)
at org.openqa.selenium.remote.ElementLocation.findElement(ElementLocation.java:59)
at org.openqa.selenium.remote.RemoteWebDriver.findElement(RemoteWebDriver.java:360)
at org.openqa.selenium.remote.RemoteWebDriver.findElement(RemoteWebDriver.java:354)
at org.openqa.selenium.support.pagefactory.DefaultElementLocator.findElement(DefaultElementLocator.java:68)
at org.openqa.selenium.support.pagefactory.internal.LocatingElementHandler.invoke(LocatingElementHandler.java:38)
at jdk.proxy2/jdk.proxy2.$Proxy14.sendKeys(Unknown Source)
at com.ws.pages.LoginPage.enterPassword(LoginPage.java:37)
at com.ws.testcase.TestLoginPage.testLoginFunction(TestLoginPage.java:33)
at java.base/jdk.internal.reflect.NativeMethodAccessorImpl.invoke0(Native Method)
at java.base/jdk.internal.reflect.NativeMethodAccessorImpl.invoke(NativeMethodAccessorImpl.java:77)
at java.base/jdk.internal.reflect.DelegatingMethodAccessorImpl.invoke(DelegatingMethodAccessorImpl.java:43)
at java.base/java.lang.reflect.Method.invoke(Method.java:568)
at org.testng.internal.MethodInvocationHelper.invokeMethod(MethodInvocationHelper.java:133)
at org.testng.internal.TestInvoker.invokeMethod(TestInvoker.java:598)
at org.testng.internal.TestInvoker.invokeTestMethod(TestInvoker.java:173)
at org.testng.internal.MethodRunner.runInSequence(MethodRunner.java:46)
at org.testng.internal.TestInvoker$MethodInvocationAgent.invoke(TestInvoker.java:824)
at org.testng.internal.TestInvoker.invokeTestMethods(TestInvoker.java:146)
at org.testng.internal.TestMethodWorker.invokeTestMethods(TestMethodWorker.java:146)
at org.testng.internal.TestMethodWorker.run(TestMethodWorker.java:128)
at java.base/java.util.ArrayList.forEach(ArrayList.java:1511)
at org.testng.TestRunner.privateRun(TestRunner.java:794)
at org.testng.TestRunner.run(TestRunner.java:596)
at org.testng.SuiteRunner.runTest(SuiteRunner.java:377)
at org.testng.SuiteRunner.runSequentially(SuiteRunner.java:371)
at org.testng.SuiteRunner.privateRun(SuiteRunner.java:332)
at org.testng.SuiteRunner.run(SuiteRunner.java:276)
at org.testng.SuiteRunnerWorker.runSuite(SuiteRunnerWorker.java:53)
at org.testng.SuiteRunnerWorker.run(SuiteRunnerWorker.java:96)
at org.testng.TestNG.runSuitesSequentially(TestNG.java:1212)
at org.testng.TestNG.runSuitesLocally(TestNG.java:1134)
at org.testng.TestNG.runSuites(TestNG.java:1063)
at org.testng.TestNG.run(TestNG.java:1031)
at org.testng.remote.AbstractRemoteTestNG.run(AbstractRemoteTestNG.java:115)
at org.testng.remote.RemoteTestNG.initAndRun(RemoteTestNG.java:251)
at org.testng.remote.RemoteTestNG.main(RemoteTestNG.java:77)
]]>
            </full-stacktrace>
          </exception> <!-- org.openqa.selenium.NoSuchElementException -->
          <reporter-output>
          </reporter-output>
        </test-method> <!-- testLoginFunction -->
        <test-method is-config="true" signature="tearDown(org.testng.ITestResult)[pri:0, instance:com.ws.testcase.TestLoginPage@15bb5034]" started-at="2024-03-31T23:38:58 EDT" name="tearDown" finished-at="2024-03-31T23:39:03 EDT" duration-ms="4837" status="PASS">
          <params>
            <param index="0">
              <value>
                <![CDATA[[TestResult name=testLoginFunction status=FAILURE method=TestLoginPage.testLoginFunction()[pri:2, instance:com.ws.testcase.TestLoginPage@15bb5034] output={null}]]]>
              </value>
            </param>
          </params>
          <reporter-output>
          </reporter-output>
        </test-method> <!-- tearDown -->
        <test-method is-config="true" signature="setUp()[pri:0, instance:com.ws.testcase.TestLoginPage@15bb5034]" started-at="2024-03-31T23:39:03 EDT" name="setUp" finished-at="2024-03-31T23:39:07 EDT" duration-ms="4206" status="PASS">
          <reporter-output>
          </reporter-output>
        </test-method> <!-- setUp -->
        <test-method signature="testForgotPasswordIsDisplayed()[pri:3, instance:com.ws.testcase.TestLoginPage@15bb5034]" started-at="2024-03-31T23:39:07 EDT" name="testForgotPasswordIsDisplayed" finished-at="2024-03-31T23:39:07 EDT" duration-ms="669" status="PASS">
          <reporter-output>
          </reporter-output>
        </test-method> <!-- testForgotPasswordIsDisplayed -->
        <test-method is-config="true" signature="tearDown(org.testng.ITestResult)[pri:0, instance:com.ws.testcase.TestLoginPage@15bb5034]" started-at="2024-03-31T23:39:07 EDT" name="tearDown" finished-at="2024-03-31T23:39:12 EDT" duration-ms="4286" status="PASS">
          <params>
            <param index="0">
              <value>
                <![CDATA[[TestResult name=testForgotPasswordIsDisplayed status=SUCCESS method=TestLoginPage.testForgotPasswordIsDisplayed()[pri:3, instance:com.ws.testcase.TestLoginPage@15bb5034] output={null}]]]>
              </value>
            </param>
          </params>
          <reporter-output>
          </reporter-output>
        </test-method> <!-- tearDown -->
        <test-method is-config="true" signature="setUp()[pri:0, instance:com.ws.testcase.TestLoginPage@15bb5034]" started-at="2024-03-31T23:39:12 EDT" name="setUp" finished-at="2024-03-31T23:39:16 EDT" duration-ms="3937" status="PASS">
          <reporter-output>
          </reporter-output>
        </test-method> <!-- setUp -->
        <test-method signature="testIsPasswordRecoverypageDisplayed()[pri:4, instance:com.ws.testcase.TestLoginPage@15bb5034]" started-at="2024-03-31T23:39:16 EDT" name="testIsPasswordRecoverypageDisplayed" finished-at="2024-03-31T23:39:17 EDT" duration-ms="1126" status="PASS">
          <reporter-output>
          </reporter-output>
        </test-method> <!-- testIsPasswordRecoverypageDisplayed -->
        <test-method is-config="true" signature="tearDown(org.testng.ITestResult)[pri:0, instance:com.ws.testcase.TestLoginPage@15bb5034]" started-at="2024-03-31T23:39:17 EDT" name="tearDown" finished-at="2024-03-31T23:39:21 EDT" duration-ms="4204" status="PASS">
          <params>
            <param index="0">
              <value>
                <![CDATA[[TestResult name=testIsPasswordRecoverypageDisplayed status=SUCCESS method=TestLoginPage.testIsPasswordRecoverypageDisplayed()[pri:4, instance:com.ws.testcase.TestLoginPage@15bb5034] output={null}]]]>
              </value>
            </param>
          </params>
          <reporter-output>
          </reporter-output>
        </test-method> <!-- tearDown -->
        <test-method is-config="true" signature="setUp()[pri:0, instance:com.ws.testcase.TestLoginPage@15bb5034]" started-at="2024-03-31T23:39:21 EDT" name="setUp" finished-at="2024-03-31T23:39:25 EDT" duration-ms="4432" status="PASS">
          <reporter-output>
          </reporter-output>
        </test-method> <!-- setUp -->
        <test-method signature="testEnterActualEmail()[pri:5, instance:com.ws.testcase.TestLoginPage@15bb5034]" started-at="2024-03-31T23:39:25 EDT" name="testEnterActualEmail" finished-at="2024-03-31T23:39:27 EDT" duration-ms="1795" status="PASS">
          <reporter-output>
          </reporter-output>
        </test-method> <!-- testEnterActualEmail -->
        <test-method is-config="true" signature="tearDown(org.testng.ITestResult)[pri:0, instance:com.ws.testcase.TestLoginPage@15bb5034]" started-at="2024-03-31T23:39:27 EDT" name="tearDown" finished-at="2024-03-31T23:39:31 EDT" duration-ms="4197" status="PASS">
          <params>
            <param index="0">
              <value>
                <![CDATA[[TestResult name=testEnterActualEmail status=SUCCESS method=TestLoginPage.testEnterActualEmail()[pri:5, instance:com.ws.testcase.TestLoginPage@15bb5034] output={null}]]]>
              </value>
            </param>
          </params>
          <reporter-output>
          </reporter-output>
        </test-method> <!-- tearDown -->
        <test-method is-config="true" signature="setUp()[pri:0, instance:com.ws.testcase.TestLoginPage@15bb5034]" started-at="2024-03-31T23:39:31 EDT" name="setUp" finished-at="2024-03-31T23:39:35 EDT" duration-ms="3921" status="PASS">
          <reporter-output>
          </reporter-output>
        </test-method> <!-- setUp -->
        <test-method signature="testEnterWrongEmail()[pri:6, instance:com.ws.testcase.TestLoginPage@15bb5034]" started-at="2024-03-31T23:39:35 EDT" name="testEnterWrongEmail" finished-at="2024-03-31T23:39:37 EDT" duration-ms="1438" status="PASS">
          <reporter-output>
          </reporter-output>
        </test-method> <!-- testEnterWrongEmail -->
        <test-method is-config="true" signature="tearDown(org.testng.ITestResult)[pri:0, instance:com.ws.testcase.TestLoginPage@15bb5034]" started-at="2024-03-31T23:39:37 EDT" name="tearDown" finished-at="2024-03-31T23:39:41 EDT" duration-ms="4240" status="PASS">
          <params>
            <param index="0">
              <value>
                <![CDATA[[TestResult name=testEnterWrongEmail status=SUCCESS method=TestLoginPage.testEnterWrongEmail()[pri:6, instance:com.ws.testcase.TestLoginPage@15bb5034] output={null}]]]>
              </value>
            </param>
          </params>
          <reporter-output>
          </reporter-output>
        </test-method> <!-- tearDown -->
      </class> <!-- com.ws.testcase.TestLoginPage -->
    </test> <!-- Default test -->
  </suite> <!-- Default suite -->
</testng-results>
